<?xml version="1.0" encoding="UTF-8"?>
<!-- Generated by org.testng.reporters.JUnitReportReporter -->
<testsuite hostname="DESKTOP-HUVU21D" failures="0" tests="2" name="com.crm.contact.ContactTest" time="0.002" errors="0" timestamp="2021-10-18T17:50:40 IST" skipped="0">
  <testcase classname="com.crm.contact.ContactTest" name="editcontact" time="0.001"/>
  <system-out/>
  <testcase classname="com.crm.contact.ContactTest" name="createcontact" time="0.001"/>
  <system-out/>
</testsuite> <!-- com.crm.contact.ContactTest -->
