<?xml version="1.0" encoding="UTF-8"?>
<!-- Generated by org.testng.reporters.JUnitReportReporter -->
<testsuite hostname="DESKTOP-HUVU21D" failures="0" tests="1" name="com.crm.org.OrgTest" time="0.010" errors="0" timestamp="2021-10-18T17:50:40 IST" skipped="0">
  <testcase classname="com.crm.org.OrgTest" name="createorg" time="0.010"/>
  <system-out/>
</testsuite> <!-- com.crm.org.OrgTest -->
